HanTranscriptionsofStories.txt Fri Apr 5 02:42:59 PM EDT 2024	490/2390	~0.20502092050209205021	\|	2690/2390	~1.12552301255230125523
HanTranscriptionsofStories.txt Fri Apr 5 02:54:15 PM EDT 2024	490/2390	~0.20502092050209205021	\|	2690/2390	~1.12552301255230125523
HanTranscriptionsofStories.txt Fri Apr 5 02:55:32 PM EDT 2024	556/2390	~0.23263598326359832636	\|	2690/2390	~1.12552301255230125523
HanTranscriptionsofStories.txt Fri Apr 5 03:01:52 PM EDT 2024	556/2390	~0.23263598326359832636	\|	2690/2390	~1.12552301255230125523
HanTranscriptionsofStories.txt Fri Apr 5 03:02:26 PM EDT 2024	556/2390	~0.23263598326359832636	\|	2690/2390	~1.12552301255230125523
HanTranscriptionsofStories.txt Fri Apr 5 03:10:07 PM EDT 2024	556/2390	~0.23263598326359832636	\|	2690/2390	~1.12552301255230125523
HanTranscriptionsofStories.txt Fri Apr 5 03:13:10 PM EDT 2024	589/2390	~0.24644351464435146444	\|	2691/2390	~1.12594142259414225941
HanTranscriptionsofStories.txt Fri Apr 5 04:05:38 PM EDT 2024	801/2375	~0.33726315789473684211	\|	2669/2375	~1.12378947368421052632
HanTranscriptionsofStories.txt Fri Apr 5 04:06:23 PM EDT 2024	825/2390	~0.34518828451882845188	\|	2684/2390	~1.12301255230125523013
HanTranscriptionsofStories.txt Fri Apr 5 04:08:11 PM EDT 2024	833/2390	~0.34853556485355648536	\|	2684/2390	~1.12301255230125523013
HanTranscriptionsofStories.txt Fri Apr 5 04:08:55 PM EDT 2024	848/2390	~0.35481171548117154812	\|	2684/2390	~1.12301255230125523013
HanStories.txt Fri Jun 21 15:02:59 -03 2024	 1247/ 3415	~0.36515373352855051245	\|	 3805/ 3415	~1.11420204978038067350
HanStories.txt Fri Jun 21 15:17:36 -03 2024	 1307/ 3415	~0.38272327964860907760	\|	 3805/ 3415	~1.11420204978038067350
HanStories.txt Fri Jun 21 15:27:12 -03 2024	 1320/ 3415	~0.38653001464128843338	\|	 3805/ 3415	~1.11420204978038067350
haa.stories.txt Fri Jul 5 01:26:21 PM EDT 2024	1219/3278	~0.37187309334960341672	·	1220/3278	~0.37217815741305674192
haa.stories.txt Fri Jul 5 02:46:20 PM EDT 2024	1264/3277	~0.38571864510222764724	·	1265/3277	~0.38602380225816295392
stories.misc Fri Jul 19 02:32:32 PM EDT 2024	1407/3278	~0.42922513727882855400	\|	3705/3278	~1.13026235509456985967
stories.misc Thu Jul 25 07:00:54 PM EDT 2024	1407/3278		\|	3705/3278	
stories.misc Thu Jul 25 08:18:51 PM EDT 2024	1430/3278	~0.43624161073825503356	\|	3705/3278	~1.13026235509456985967
stories.misc Thu Jul 25 08:20:48 PM EDT 2024	1430/3278	~0.43624161073825503356	\|	3705/3278	~1.13026235509456985967
stories.misc Thu Jul 25 08:48:13 PM EDT 2024	1432/3278	~0.43685173886516168395	\|	3705/3278	~1.13026235509456985967
stories.misc Thu Jul 25 08:51:43 PM EDT 2024	1447/3278	~0.44142769981696156193	\|	3705/3278	~1.13026235509456985967
stories.misc Thu Jul 25 08:53:12 PM EDT 2024	1435/3278	~0.43776693105552165955	\|	3705/3278	~1.13026235509456985967
stories.misc Thu Jul 25 08:54:46 PM EDT 2024	1447/3278	~0.44142769981696156193	\|	3705/3278	~1.13026235509456985967
stories.misc Thu Jul 25 10:18:09 PM EDT 2024	1457/3278	~0.44447834045149481391	\|	3705/3278	~1.13026235509456985967
stories.misc Fri Jul 26 02:03:13 PM EDT 2024	1457/3278	~0.44447834045149481391	\|	3705/3278	~1.13026235509456985967
stories.misc Thu Aug 15 04:27:27 PM EDT 2024	2136/3278		\|	4448/3278	
stories.misc Thu Aug 15 04:51:24 PM EDT 2024	1476/3278		\|	3705/3278	
stories.misc Thu Aug 15 05:10:21 PM EDT 2024	1476/3278		\|	3705/3278	
stories.misc Thu Aug 15 05:11:21 PM EDT 2024	1477/3278		\|	3705/3278	
